<?xml version="1.0" encoding="UTF-8"?>
<testsuite name="hudson.FilePathTest" time="48.783" tests="24" errors="0" skipped="1" failures="0">
  <properties>
    <property name="java.runtime.name" value="OpenJDK Runtime Environment"/>
    <property name="sun.boot.library.path" value="/usr/lib/jvm/java-8-openjdk-amd64/jre/lib/amd64"/>
    <property name="java.vm.version" value="25.265-b01"/>
    <property name="java.vm.vendor" value="Private Build"/>
    <property name="maven.multiModuleProjectDirectory" value="/home/zjbu224/mp3/jenkins"/>
    <property name="java.vendor.url" value="http://java.oracle.com/"/>
    <property name="path.separator" value=":"/>
    <property name="guice.disable.misplaced.annotation.check" value="true"/>
    <property name="java.vm.name" value="OpenJDK 64-Bit Server VM"/>
    <property name="file.encoding.pkg" value="sun.io"/>
    <property name="sun.java.launcher" value="SUN_STANDARD"/>
    <property name="sun.os.patch.level" value="unknown"/>
    <property name="java.vm.specification.name" value="Java Virtual Machine Specification"/>
    <property name="user.dir" value="/home/zjbu224/mp3/jenkins"/>
    <property name="java.runtime.version" value="1.8.0_265-8u265-b01-0ubuntu2~18.04-b01"/>
    <property name="java.awt.graphicsenv" value="sun.awt.X11GraphicsEnvironment"/>
    <property name="java.endorsed.dirs" value="/usr/lib/jvm/java-8-openjdk-amd64/jre/lib/endorsed"/>
    <property name="os.arch" value="amd64"/>
    <property name="java.io.tmpdir" value="/tmp"/>
    <property name="line.separator" value="&#10;"/>
    <property name="java.vm.specification.vendor" value="Oracle Corporation"/>
    <property name="os.name" value="Linux"/>
    <property name="classworlds.conf" value="/usr/share/maven/bin/m2.conf"/>
    <property name="sun.jnu.encoding" value="UTF-8"/>
    <property name="java.library.path" value="/usr/java/packages/lib/amd64:/usr/lib/x86_64-linux-gnu/jni:/lib/x86_64-linux-gnu:/usr/lib/x86_64-linux-gnu:/usr/lib/jni:/lib:/usr/lib"/>
    <property name="maven.conf" value="/usr/share/maven/conf"/>
    <property name="java.specification.name" value="Java Platform API Specification"/>
    <property name="java.class.version" value="52.0"/>
    <property name="sun.management.compiler" value="HotSpot 64-Bit Tiered Compilers"/>
    <property name="os.version" value="4.15.0-112-generic"/>
    <property name="library.jansi.path" value="/usr/share/maven/lib/jansi-native"/>
    <property name="user.home" value="/home/zjbu224"/>
    <property name="user.timezone" value="America/New_York"/>
    <property name="java.awt.printerjob" value="sun.print.PSPrinterJob"/>
    <property name="java.specification.version" value="1.8"/>
    <property name="file.encoding" value="UTF-8"/>
    <property name="user.name" value="zjbu224"/>
    <property name="java.class.path" value="/usr/share/maven/boot/plexus-classworlds-2.x.jar"/>
    <property name="java.vm.specification.version" value="1.8"/>
    <property name="sun.arch.data.model" value="64"/>
    <property name="java.home" value="/usr/lib/jvm/java-8-openjdk-amd64/jre"/>
    <property name="sun.java.command" value="org.codehaus.plexus.classworlds.launcher.Launcher clean -Plight-test install"/>
    <property name="java.specification.vendor" value="Oracle Corporation"/>
    <property name="user.language" value="en"/>
    <property name="awt.toolkit" value="sun.awt.X11.XToolkit"/>
    <property name="java.vm.info" value="mixed mode"/>
    <property name="java.version" value="1.8.0_265"/>
    <property name="java.ext.dirs" value="/usr/lib/jvm/java-8-openjdk-amd64/jre/lib/ext:/usr/java/packages/lib/ext"/>
    <property name="securerandom.source" value="file:/dev/./urandom"/>
    <property name="sun.boot.class.path" value="/usr/lib/jvm/java-8-openjdk-amd64/jre/lib/resources.jar:/usr/lib/jvm/java-8-openjdk-amd64/jre/lib/rt.jar:/usr/lib/jvm/java-8-openjdk-amd64/jre/lib/sunrsasign.jar:/usr/lib/jvm/java-8-openjdk-amd64/jre/lib/jsse.jar:/usr/lib/jvm/java-8-openjdk-amd64/jre/lib/jce.jar:/usr/lib/jvm/java-8-openjdk-amd64/jre/lib/charsets.jar:/usr/lib/jvm/java-8-openjdk-amd64/jre/lib/jfr.jar:/usr/lib/jvm/java-8-openjdk-amd64/jre/classes"/>
    <property name="java.vendor" value="Private Build"/>
    <property name="maven.home" value="/usr/share/maven"/>
    <property name="file.separator" value="/"/>
    <property name="java.vendor.url.bug" value="http://bugreport.sun.com/bugreport/"/>
    <property name="sun.cpu.endian" value="little"/>
    <property name="sun.io.unicode.encoding" value="UnicodeLittle"/>
    <property name="sun.cpu.isalist" value=""/>
  </properties>
  <testcase name="validateAntFileMaskBounded" classname="hudson.FilePathTest" time="1.269"/>
  <testcase name="errorMessageInRemoteCopyRecursive" classname="hudson.FilePathTest" time="34.844"/>
  <testcase name="listWithExcludes" classname="hudson.FilePathTest" time="0.03"/>
  <testcase name="normalization" classname="hudson.FilePathTest" time="0.063"/>
  <testcase name="copyTo" classname="hudson.FilePathTest" time="0.059"/>
  <testcase name="noRaceConditionInCopyTo" classname="hudson.FilePathTest" time="1.673"/>
  <testcase name="isUnix" classname="hudson.FilePathTest" time="0.054"/>
  <testcase name="noFileLeakInCopyTo" classname="hudson.FilePathTest" time="9.194"/>
  <testcase name="copyToWithPermission" classname="hudson.FilePathTest" time="0.943"/>
  <testcase name="repeatCopyRecursiveTo" classname="hudson.FilePathTest" time="0.031"/>
  <testcase name="archiveBug" classname="hudson.FilePathTest" time="0.119"/>
  <testcase name="deleteLongPathOnWindows" classname="hudson.FilePathTest" time="0.053"/>
  <testcase name="list" classname="hudson.FilePathTest" time="0.024"/>
  <testcase name="installIfNecessaryPerformsInstallation" classname="hudson.FilePathTest" time="0.164"/>
  <testcase name="installIfNecessaryAvoidsExcessiveDownloadsByUsingIfModifiedSince" classname="hudson.FilePathTest" time="0.019"/>
  <testcase name="moveAllChildrenTo" classname="hudson.FilePathTest" time="0.026"/>
  <testcase name="compressTarUntarRoundTrip" classname="hudson.FilePathTest" time="0.029"/>
  <testcase name="archiveBigFile" classname="hudson.FilePathTest" time="0">
    <skipped/>
  </testcase>
  <testcase name="getParent" classname="hudson.FilePathTest" time="0.009"/>
  <testcase name="multiSegmentRelativePaths" classname="hudson.FilePathTest" time="0.014"/>
  <testcase name="installIfNecessarySkipsDownloadWhenErroneous" classname="hudson.FilePathTest" time="0.014"/>
  <testcase name="validateAntFileMask" classname="hudson.FilePathTest" time="0.054"/>
  <testcase name="symlinkInTar" classname="hudson.FilePathTest" time="0.087"/>
  <testcase name="listWithDefaultExcludes" classname="hudson.FilePathTest" time="0.011"/>
</testsuite>